[    0.000000] Initializing cgroup subsys cpuset
[    0.000000] Initializing cgroup subsys cpu
[    0.000000] Initializing cgroup subsys cpuacct
[    0.000000] Linux version 4.4.0-151-generic (buildd@lgw01-amd64-043) (gcc version 5.4.0 20160609 (Ubuntu 5.4.0-6ubuntu1~16.04.10) ) #178-Ubuntu SMP Tue Jun 11 08:30:22 UTC 2019 (Ubuntu 4.4.0-151.178-generic 4.4.179)
[    0.000000] Command line: BOOT_IMAGE=/boot/vmlinuz-4.4.0-151-generic root=LABEL=cloudimg-rootfs ro console=tty1 console=ttyS0
[    0.000000] KERNEL supported cpus:
[    0.000000]   Intel GenuineIntel
[    0.000000]   AMD AuthenticAMD
[    0.000000]   Centaur CentaurHauls
[    0.000000] x86/fpu: xstate_offset[2]:  576, xstate_sizes[2]:  256
[    0.000000] x86/fpu: Supporting XSAVE feature 0x01: 'x87 floating point registers'
[    0.000000] x86/fpu: Supporting XSAVE feature 0x02: 'SSE registers'
[    0.000000] x86/fpu: Supporting XSAVE feature 0x04: 'AVX registers'
[    0.000000] x86/fpu: Enabled xstate features 0x7, context size is 832 bytes, using 'standard' format.
[    0.000000] e820: BIOS-provided physical RAM map:
[    0.000000] BIOS-e820: [mem 0x0000000000000000-0x000000000009fbff] usable
[    0.000000] BIOS-e820: [mem 0x000000000009fc00-0x000000000009ffff] reserved
[    0.000000] BIOS-e820: [mem 0x00000000000f0000-0x00000000000fffff] reserved
[    0.000000] BIOS-e820: [mem 0x0000000000100000-0x000000003ffeffff] usable
[    0.000000] BIOS-e820: [mem 0x000000003fff0000-0x000000003fffffff] ACPI data
[    0.000000] BIOS-e820: [mem 0x00000000fec00000-0x00000000fec00fff] reserved
[    0.000000] BIOS-e820: [mem 0x00000000fee00000-0x00000000fee00fff] reserved
[    0.000000] BIOS-e820: [mem 0x00000000fffc0000-0x00000000ffffffff] reserved
[    0.000000] NX (Execute Disable) protection: active
[    0.000000] SMBIOS 2.5 present.
[    0.000000] Hypervisor detected: KVM
[    0.000000] e820: last_pfn = 0x3fff0 max_arch_pfn = 0x400000000
[    0.000000] MTRR: Disabled
[    0.000000] x86/PAT: MTRRs disabled, skipping PAT initialization too.
[    0.000000] CPU MTRRs all blank - virtualized system.
[    0.000000] x86/PAT: Configuration [0-7]: WB  WT  UC- UC  WB  WT  UC- UC  
[    0.000000] found SMP MP-table at [mem 0x0009fff0-0x0009ffff] mapped at [ffff88000009fff0]
[    0.000000] Scanning 1 areas for low memory corruption
[    0.000000] RAMDISK: [mem 0x362fa000-0x37174fff]
[    0.000000] ACPI: Early table checksum verification disabled
[    0.000000] ACPI: RSDP 0x00000000000E0000 000024 (v02 VBOX  )
[    0.000000] ACPI: XSDT 0x000000003FFF0030 00003C (v01 VBOX   VBOXXSDT 00000001 ASL  00000061)
[    0.000000] ACPI: FACP 0x000000003FFF00F0 0000F4 (v04 VBOX   VBOXFACP 00000001 ASL  00000061)
[    0.000000] ACPI: DSDT 0x000000003FFF0470 0022EA (v02 VBOX   VBOXBIOS 00000002 INTL 20100528)
[    0.000000] ACPI: FACS 0x000000003FFF0200 000040
[    0.000000] ACPI: FACS 0x000000003FFF0200 000040
[    0.000000] ACPI: APIC 0x000000003FFF0240 000054 (v02 VBOX   VBOXAPIC 00000001 ASL  00000061)
[    0.000000] ACPI: SSDT 0x000000003FFF02A0 0001CC (v01 VBOX   VBOXCPUT 00000002 INTL 20100528)
[    0.000000] No NUMA configuration found
[    0.000000] Faking a node at [mem 0x0000000000000000-0x000000003ffeffff]
[    0.000000] NODE_DATA(0) allocated [mem 0x3ffeb000-0x3ffeffff]
[    0.000000] kvm-clock: Using msrs 4b564d01 and 4b564d00
[    0.000000] kvm-clock: cpu 0, msr 0:3ffe3001, primary cpu clock
[    0.000000] kvm-clock: using sched offset of 3555877338 cycles
[    0.000000] clocksource: kvm-clock: mask: 0xffffffffffffffff max_cycles: 0x1cd42e4dffb, max_idle_ns: 881590591483 ns
[    0.000000] Zone ranges:
[    0.000000]   DMA      [mem 0x0000000000001000-0x0000000000ffffff]
[    0.000000]   DMA32    [mem 0x0000000001000000-0x000000003ffeffff]
[    0.000000]   Normal   empty
[    0.000000]   Device   empty
[    0.000000] Movable zone start for each node
[    0.000000] Early memory node ranges
[    0.000000]   node   0: [mem 0x0000000000001000-0x000000000009efff]
[    0.000000]   node   0: [mem 0x0000000000100000-0x000000003ffeffff]
[    0.000000] Initmem setup node 0 [mem 0x0000000000001000-0x000000003ffeffff]
[    0.000000] ACPI: PM-Timer IO Port: 0x4008
[    0.000000] IOAPIC[0]: apic_id 1, version 32, address 0xfec00000, GSI 0-23
[    0.000000] ACPI: INT_SRC_OVR (bus 0 bus_irq 0 global_irq 2 dfl dfl)
[    0.000000] ACPI: INT_SRC_OVR (bus 0 bus_irq 9 global_irq 9 low level)
[    0.000000] Using ACPI (MADT) for SMP configuration information
[    0.000000] smpboot: Allowing 1 CPUs, 0 hotplug CPUs
[    0.000000] PM: Registered nosave memory: [mem 0x00000000-0x00000fff]
[    0.000000] PM: Registered nosave memory: [mem 0x0009f000-0x0009ffff]
[    0.000000] PM: Registered nosave memory: [mem 0x000a0000-0x000effff]
[    0.000000] PM: Registered nosave memory: [mem 0x000f0000-0x000fffff]
[    0.000000] e820: [mem 0x40000000-0xfebfffff] available for PCI devices
[    0.000000] Booting paravirtualized kernel on KVM
[    0.000000] clocksource: refined-jiffies: mask: 0xffffffff max_cycles: 0xffffffff, max_idle_ns: 7645519600211568 ns
[    0.000000] setup_percpu: NR_CPUS:512 nr_cpumask_bits:512 nr_cpu_ids:1 nr_node_ids:1
[    0.000000] PERCPU: Embedded 34 pages/cpu @ffff88003fc00000 s99480 r8192 d31592 u2097152
[    0.000000] Built 1 zonelists in Node order, mobility grouping on.  Total pages: 257912
[    0.000000] Policy zone: DMA32
[    0.000000] Kernel command line: BOOT_IMAGE=/boot/vmlinuz-4.4.0-151-generic root=LABEL=cloudimg-rootfs ro console=tty1 console=ttyS0
[    0.000000] PID hash table entries: 4096 (order: 3, 32768 bytes)
[    0.000000] Memory: 997868K/1048120K available (8613K kernel code, 1335K rwdata, 4028K rodata, 1484K init, 1284K bss, 50252K reserved, 0K cma-reserved)
[    0.000000] SLUB: HWalign=64, Order=0-3, MinObjects=0, CPUs=1, Nodes=1
[    0.000000] Kernel/User page tables isolation: enabled
[    0.000000] Hierarchical RCU implementation.
[    0.000000] 	Build-time adjustment of leaf fanout to 64.
[    0.000000] 	RCU restricting CPUs from NR_CPUS=512 to nr_cpu_ids=1.
[    0.000000] RCU: Adjusting geometry for rcu_fanout_leaf=64, nr_cpu_ids=1
[    0.000000] NR_IRQS:33024 nr_irqs:256 16
[    0.000000] Console: colour VGA+ 80x25
[    0.000000] console [tty1] enabled
[    0.000000] console [ttyS0] enabled
[    0.000000] tsc: Detected 2999.998 MHz processor
[    0.154100] Calibrating delay loop (skipped) preset value.. 5999.99 BogoMIPS (lpj=11999992)
[    0.156349] pid_max: default: 32768 minimum: 301
[    0.157455] ACPI: Core revision 20150930
[    0.159034] ACPI: 2 ACPI AML tables successfully acquired and loaded
[    0.160540] Security Framework initialized
[    0.161540] Yama: becoming mindful.
[    0.162401] AppArmor: AppArmor initialized
[    0.163420] Dentry cache hash table entries: 131072 (order: 8, 1048576 bytes)
[    0.166333] Inode-cache hash table entries: 65536 (order: 7, 524288 bytes)
[    0.168590] Mount-cache hash table entries: 2048 (order: 2, 16384 bytes)
[    0.170091] Mountpoint-cache hash table entries: 2048 (order: 2, 16384 bytes)
[    0.171818] Initializing cgroup subsys io
[    0.172780] Initializing cgroup subsys memory
[    0.173838] Initializing cgroup subsys devices
[    0.174917] Initializing cgroup subsys freezer
[    0.175979] Initializing cgroup subsys net_cls
[    0.177014] Initializing cgroup subsys perf_event
[    0.178161] Initializing cgroup subsys net_prio
[    0.179215] Initializing cgroup subsys hugetlb
[    0.180249] Initializing cgroup subsys pids
[    0.182278] mce: CPU supports 0 MCE banks
[    0.183242] process: using mwait in idle threads
[    0.184315] Last level iTLB entries: 4KB 128, 2MB 8, 4MB 8
[    0.185596] Last level dTLB entries: 4KB 64, 2MB 0, 4MB 0, 1GB 4
[    0.186979] Spectre V2 : Mitigation: Full generic retpoline
[    0.188227] Spectre V2 : Spectre v2 / SpectreRSB mitigation: Filling RSB on context switch
[    0.190159] Speculative Store Bypass: Vulnerable
[    0.191333] MDS: Vulnerable: Clear CPU buffers attempted, no microcode
[    0.212415] Freeing SMP alternatives memory: 36K
[    0.218817] ftrace: allocating 32299 entries in 127 pages
[    0.267558] smpboot: APIC(0) Converting physical 0 to logical package 0
[    0.269148] smpboot: Max logical packages: 1
[    0.270500] x2apic enabled
[    0.271456] Switched APIC routing to physical x2apic.
[    0.273647] ..TIMER: vector=0x30 apic1=0 pin1=2 apic2=-1 pin2=-1
[    0.381611] smpboot: CPU0: Intel(R) Core(TM) i5-8500B CPU @ 3.00GHz (family: 0x6, model: 0x9e, stepping: 0xa)
[    0.384357] Performance Events: unsupported p6 CPU model 158 no PMU driver, software events only.
[    0.395019] KVM setup paravirtual spinlock
[    0.396788] x86: Booted up 1 node, 1 CPUs
[    0.397888] smpboot: Total of 1 processors activated (5999.99 BogoMIPS)
[    0.399566] devtmpfs: initialized
[    0.401931] evm: security.selinux
[    0.402903] evm: security.SMACK64
[    0.403802] evm: security.SMACK64EXEC
[    0.404802] evm: security.SMACK64TRANSMUTE
[    0.406368] evm: security.SMACK64MMAP
[    0.407354] evm: security.ima
[    0.408100] evm: security.capability
[    0.409069] clocksource: jiffies: mask: 0xffffffff max_cycles: 0xffffffff, max_idle_ns: 7645041785100000 ns
[    0.411636] futex hash table entries: 256 (order: 2, 16384 bytes)
[    0.413113] pinctrl core: initialized pinctrl subsystem
[    0.414429] RTC time: 13:04:09, date: 06/26/19
[    0.415644] NET: Registered protocol family 16
[    0.416773] cpuidle: using governor ladder
[    0.417770] cpuidle: using governor menu
[    0.418703] PCCT header not found.
[    0.419566] ACPI: bus type PCI registered
[    0.420514] acpiphp: ACPI Hot Plug PCI Controller Driver version: 0.5
[    0.422100] PCI: Using configuration type 1 for base access
[    0.424105] ACPI: Added _OSI(Module Device)
[    0.425205] ACPI: Added _OSI(Processor Device)
[    0.426546] ACPI: Added _OSI(3.0 _SCP Extensions)
[    0.427881] ACPI: Added _OSI(Processor Aggregator Device)
[    0.429886] ACPI: Executed 1 blocks of module-level executable AML code
[    0.432906] ACPI: Interpreter enabled
[    0.434017] ACPI: (supports S0 S5)
[    0.434981] ACPI: Using IOAPIC for interrupt routing
[    0.436346] PCI: Using host bridge windows from ACPI; if necessary, use "pci=nocrs" and report a bug
[    0.441806] ACPI: PCI Root Bridge [PCI0] (domain 0000 [bus 00-ff])
[    0.443296] acpi PNP0A03:00: _OSC: OS supports [ASPM ClockPM Segments MSI]
[    0.445545] acpi PNP0A03:00: _OSC: not requesting OS control; OS requires [ExtendedConfig ASPM ClockPM MSI]
[    0.447852] acpi PNP0A03:00: fail to add MMCONFIG information, can't access extended PCI configuration space under this bridge.
[    0.450800] PCI host bridge to bus 0000:00
[    0.451770] pci_bus 0000:00: root bus resource [io  0x0000-0x0cf7 window]
[    0.453688] pci_bus 0000:00: root bus resource [io  0x0d00-0xffff window]
[    0.455784] pci_bus 0000:00: root bus resource [mem 0x000a0000-0x000bffff window]
[    0.457593] pci_bus 0000:00: root bus resource [mem 0x40000000-0xfdffffff window]
[    0.459420] pci_bus 0000:00: root bus resource [bus 00-ff]
[    0.463513] pci 0000:00:01.1: legacy IDE quirk: reg 0x10: [io  0x01f0-0x01f7]
[    0.465132] pci 0000:00:01.1: legacy IDE quirk: reg 0x14: [io  0x03f6]
[    0.466582] pci 0000:00:01.1: legacy IDE quirk: reg 0x18: [io  0x0170-0x0177]
[    0.468554] pci 0000:00:01.1: legacy IDE quirk: reg 0x1c: [io  0x0376]
[    0.481320] pci 0000:00:07.0: quirk: [io  0x4000-0x403f] claimed by PIIX4 ACPI
[    0.483450] pci 0000:00:07.0: quirk: [io  0x4100-0x410f] claimed by PIIX4 SMB
[    0.501522] ACPI: PCI Interrupt Link [LNKA] (IRQs 5 9 10 *11)
[    0.503936] ACPI: PCI Interrupt Link [LNKB] (IRQs 5 9 *10 11)
[    0.505941] ACPI: PCI Interrupt Link [LNKC] (IRQs 5 *9 10 11)
[    0.507566] ACPI: PCI Interrupt Link [LNKD] (IRQs 5 9 10 *11)
[    0.509251] ACPI: Enabled 2 GPEs in block 00 to 07
[    0.510739] vgaarb: setting as boot device: PCI:0000:00:02.0
[    0.512129] vgaarb: device added: PCI:0000:00:02.0,decodes=io+mem,owns=io+mem,locks=none
[    0.514123] vgaarb: loaded
[    0.514849] vgaarb: bridge control possible 0000:00:02.0
[    0.516239] SCSI subsystem initialized
[    0.517219] ACPI: bus type USB registered
[    0.518220] usbcore: registered new interface driver usbfs
[    0.519485] usbcore: registered new interface driver hub
[    0.520715] usbcore: registered new device driver usb
[    0.521996] PCI: Using ACPI for IRQ routing
[    0.523391] NetLabel: Initializing
[    0.524244] NetLabel:  domain hash size = 128
[    0.525277] NetLabel:  protocols = UNLABELED CIPSOv4
[    0.526507] NetLabel:  unlabeled traffic allowed by default
[    0.527856] amd_nb: Cannot enumerate AMD northbridges
[    0.529052] clocksource: Switched to clocksource kvm-clock
[    0.535992] AppArmor: AppArmor Filesystem Enabled
[    0.537227] pnp: PnP ACPI init
[    0.539008] pnp: PnP ACPI: found 3 devices
[    0.546489] clocksource: acpi_pm: mask: 0xffffff max_cycles: 0xffffff, max_idle_ns: 2085701024 ns
[    0.548652] NET: Registered protocol family 2
[    0.550060] TCP established hash table entries: 8192 (order: 4, 65536 bytes)
[    0.551880] TCP bind hash table entries: 8192 (order: 5, 131072 bytes)
[    0.553426] TCP: Hash tables configured (established 8192 bind 8192)
[    0.554916] UDP hash table entries: 512 (order: 2, 16384 bytes)
[    0.556320] UDP-Lite hash table entries: 512 (order: 2, 16384 bytes)
[    0.557820] NET: Registered protocol family 1
[    0.558895] pci 0000:00:00.0: Limiting direct PCI/PCI transfers
[    0.560302] pci 0000:00:01.0: Activating ISA DMA hang workarounds
[    0.561922] Unpacking initramfs...
[    0.729145] Freeing initrd memory: 14828K
[    0.730571] clocksource: tsc: mask: 0xffffffffffffffff max_cycles: 0x2b3e43c8763, max_idle_ns: 440795360101 ns
[    0.733016] platform rtc_cmos: registered platform RTC device (no PNP device found)
[    0.734985] Scanning for low memory corruption every 60 seconds
[    0.736573] audit: initializing netlink subsys (disabled)
[    0.738062] audit: type=2000 audit(1561554255.245:1): initialized
[    0.739597] Initialise system trusted keyring
[    0.740680] HugeTLB registered 2 MB page size, pre-allocated 0 pages
[    0.744498] zbud: loaded
[    0.745725] VFS: Disk quotas dquot_6.6.0
[    0.746695] VFS: Dquot-cache hash table entries: 512 (order 0, 4096 bytes)
[    0.748334] squashfs: version 4.0 (2009/01/31) Phillip Lougher
[    0.749864] fuse init (API version 7.23)
[    0.750884] Key type big_key registered
[    0.751856] Allocating IMA MOK and blacklist keyrings.
[    0.753158] Key type asymmetric registered
[    0.754347] Asymmetric key parser 'x509' registered
[    0.755640] Block layer SCSI generic (bsg) driver version 0.4 loaded (major 249)
[    0.757604] io scheduler noop registered
[    0.758563] io scheduler deadline registered (default)
[    0.759806] io scheduler cfq registered
[    0.760805] pci_hotplug: PCI Hot Plug PCI Core version: 0.5
[    0.762296] pciehp: PCI Express Hot Plug Controller Driver version: 0.4
[    0.764210] ACPI: AC Adapter [AC] (on-line)
[    0.765242] input: Power Button as /devices/LNXSYSTM:00/LNXPWRBN:00/input/input0
[    0.767249] ACPI: Power Button [PWRF]
[    0.768217] input: Sleep Button as /devices/LNXSYSTM:00/LNXSLPBN:00/input/input1
[    0.770270] ACPI: Sleep Button [SLPF]
[    0.771460] GHES: HEST is not enabled!
[    0.772434] Serial: 8250/16550 driver, 32 ports, IRQ sharing enabled
[    0.794678] 00:02: ttyS0 at I/O 0x3f8 (irq = 4, base_baud = 115200) is a 16550A
[    0.797980] Linux agpgart interface v0.103
[    0.799633] loop: module loaded
[    0.800843] scsi host0: ata_piix
[    0.801739] scsi host1: ata_piix
[    0.802703] ata1: PATA max UDMA/33 cmd 0x1f0 ctl 0x3f6 bmdma 0xd000 irq 14
[    0.805199] ata2: PATA max UDMA/33 cmd 0x170 ctl 0x376 bmdma 0xd008 irq 15
[    0.807434] libphy: Fixed MDIO Bus: probed
[    0.808453] tun: Universal TUN/TAP device driver, 1.6
[    0.809675] tun: (C) 1999-2004 Max Krasnyansky <maxk@qualcomm.com>
[    0.811134] PPP generic driver version 2.4.2
[    0.812218] ehci_hcd: USB 2.0 'Enhanced' Host Controller (EHCI) Driver
[    0.813768] ehci-pci: EHCI PCI platform driver
[    0.814858] ehci-platform: EHCI generic platform driver
[    0.816101] ohci_hcd: USB 1.1 'Open' Host Controller (OHCI) Driver
[    0.817562] ohci-pci: OHCI PCI platform driver
[    0.818651] ohci-platform: OHCI generic platform driver
[    0.819894] uhci_hcd: USB Universal Host Controller Interface driver
[    0.821425] i8042: PNP: PS/2 Controller [PNP0303:PS2K,PNP0f03:PS2M] at 0x60,0x64 irq 1,12
[    0.823773] serio: i8042 KBD port at 0x60,0x64 irq 1
[    0.824996] serio: i8042 AUX port at 0x60,0x64 irq 12
[    0.826284] mousedev: PS/2 mouse device common for all mice
[    0.827764] input: AT Translated Set 2 keyboard as /devices/platform/i8042/serio0/input/input2
[    0.830178] rtc_cmos rtc_cmos: rtc core: registered rtc_cmos as rtc0
[    0.831684] rtc_cmos rtc_cmos: alarms up to one day, 114 bytes nvram
[    0.833146] i2c /dev entries driver
[    0.834090] device-mapper: uevent: version 1.0.3
[    0.835246] device-mapper: ioctl: 4.34.0-ioctl (2015-10-28) initialised: dm-devel@redhat.com
[    0.837278] ledtrig-cpu: registered to indicate activity on CPUs
[    0.838881] NET: Registered protocol family 10
[    0.840081] NET: Registered protocol family 17
[    0.841174] Key type dns_resolver registered
[    0.842381] registered taskstats version 1
[    0.843416] Loading compiled-in X.509 certificates
[    0.844988] Loaded X.509 cert 'Build time autogenerated kernel key: 7ba2dee60acc6d70f0ebdb64460d59d2cf8df5ff'
[    0.847404] zswap: loaded using pool lzo/zbud
[    0.849469] Key type trusted registered
[    0.852080] Key type encrypted registered
[    0.853100] AppArmor: AppArmor sha1 policy hashing enabled
[    0.854492] ima: No TPM chip found, activating TPM-bypass!
[    0.855797] ima: Allocated hash algorithm: sha1
[    0.856908] evm: HMAC attrs: 0x1
[    0.858198]   Magic number: 7:844:79
[    0.859151] rtc_cmos rtc_cmos: setting system clock to 2019-06-26 13:04:10 UTC (1561554250)
[    0.861204] BIOS EDD facility v0.16 2004-Jun-25, 0 devices found
[    0.862645] EDD information not available.
[    0.962628] Freeing unused kernel memory: 1484K
[    0.964188] Write protecting the kernel read-only data: 14336k
[    0.966242] Freeing unused kernel memory: 1616K
[    0.967437] Freeing unused kernel memory: 68K
Loading, please wait...
starting version 229
[    0.976501] random: udevadm: uninitialized urandom read (16 bytes read, 3 bits of entropy available)
[    0.979193] random: systemd-udevd: uninitialized urandom read (16 bytes read, 3 bits of entropy available)
[    0.981528] random: systemd-udevd: uninitialized urandom read (16 bytes read, 3 bits of entropy available)
[    0.983999] random: systemd-udevd: uninitialized urandom read (16 bytes read, 3 bits of entropy available)
[    0.986337] random: udevadm: uninitialized urandom read (16 bytes read, 3 bits of entropy available)
[    0.989554] random: systemd-udevd: uninitialized urandom read (16 bytes read, 3 bits of entropy available)
[    0.995968] random: systemd-udevd: uninitialized urandom read (16 bytes read, 3 bits of entropy available)
[    0.998331] random: systemd-udevd: uninitialized urandom read (16 bytes read, 3 bits of entropy available)
[    1.000605] random: systemd-udevd: uninitialized urandom read (16 bytes read, 3 bits of entropy available)
[    1.003702] random: udevadm: uninitialized urandom read (16 bytes read, 3 bits of entropy available)
[    1.052387] e1000: Intel(R) PRO/1000 Network Driver - version 7.3.21-k8-NAPI
[    1.054291] e1000: Copyright (c) 1999-2006 Intel Corporation.
[    1.058974] Fusion MPT base driver 3.04.20
[    1.060063] Copyright (c) 1999-2008 LSI Corporation
[    1.081142] Fusion MPT SPI Host driver 3.04.20
[    1.086854] AVX2 version of gcm_enc/dec engaged.
[    1.088053] AES CTR mode by8 optimization enabled
[    1.278498] input: ImExPS/2 Generic Explorer Mouse as /devices/platform/i8042/serio1/input/input4
[    1.466592] e1000 0000:00:03.0 eth0: (PCI:33MHz:32-bit) 02:c2:3e:ea:87:70
[    1.468301] e1000 0000:00:03.0 eth0: Intel(R) PRO/1000 Network Connection
[    1.470360] mptbase: ioc0: Initiating bringup
[    1.533828] ioc0: LSI53C1030 A0: Capabilities={Initiator}
[    1.695462] scsi host2: ioc0: LSI53C1030 A0, FwRev=00000000h, Ports=1, MaxQ=256, IRQ=20
[    1.812363] scsi 2:0:0:0: Direct-Access     VBOX     HARDDISK         1.0  PQ: 0 ANSI: 5
[    1.814974] scsi target2:0:0: Beginning Domain Validation
[    1.817221] scsi target2:0:0: Domain Validation skipping write tests
[    1.818857] scsi target2:0:0: Ending Domain Validation
[    1.820098] scsi target2:0:0: asynchronous
[    1.821367] scsi 2:0:1:0: Direct-Access     VBOX     HARDDISK         1.0  PQ: 0 ANSI: 5
[    1.823388] scsi target2:0:1: Beginning Domain Validation
[    1.825664] scsi target2:0:1: Domain Validation skipping write tests
[    1.827335] scsi target2:0:1: Ending Domain Validation
[    1.828582] scsi target2:0:1: asynchronous
[    1.834238] sd 2:0:0:0: Attached scsi generic sg0 type 0
[    1.835673] sd 2:0:0:0: [sda] 20971520 512-byte logical blocks: (10.7 GB/10.0 GiB)
[    1.842462] sd 2:0:1:0: [sdb] 20480 512-byte logical blocks: (10.5 MB/10.0 MiB)
[    1.851491] sd 2:0:1:0: Attached scsi generic sg1 type 0
[    1.853158] sd 2:0:0:0: [sda] Write Protect is off
[    1.859863] sd 2:0:0:0: [sda] Incomplete mode parameter data
[    1.861319] sd 2:0:0:0: [sda] Assuming drive cache: write through
[    1.872449] sd 2:0:1:0: [sdb] Write Protect is off
[    1.879184] sd 2:0:1:0: [sdb] Incomplete mode parameter data
[    1.880576] sd 2:0:1:0: [sdb] Assuming drive cache: write through
[    1.887346]  sda: sda1
[    1.888625] sd 2:0:0:0: [sda] Attached SCSI disk
[    1.890272] sd 2:0:1:0: [sdb] Attached SCSI disk
[    2.235303] e1000 0000:00:08.0 eth1: (PCI:33MHz:32-bit) 08:00:27:e1:ee:fc
[    2.236955] e1000 0000:00:08.0 eth1: Intel(R) PRO/1000 Network Connection
[    2.626604] e1000 0000:00:09.0 eth2: (PCI:33MHz:32-bit) 08:00:27:40:89:52
[    2.628447] e1000 0000:00:09.0 eth2: Intel(R) PRO/1000 Network Connection
[    2.630758] e1000 0000:00:09.0 enp0s9: renamed from eth2
[    2.632555] e1000 0000:00:08.0 enp0s8: renamed from eth1
[    2.635762] e1000 0000:00:03.0 enp0s3: renamed from eth0
Begin: Loading essential drivers ... [    3.854849] md: linear personality registered for level -1
[    3.858497] md: multipath personality registered for level -4
[    3.862443] md: raid0 personality registered for level 0
[    3.866512] md: raid1 personality registered for level 1
[    3.945478] raid6: sse2x1   gen() 15435 MB/s
[    4.025699] raid6: sse2x1   xor() 11469 MB/s
[    4.093970] raid6: sse2x2   gen() 17256 MB/s
[    4.173999] raid6: sse2x2   xor() 13170 MB/s
[    4.245371] raid6: sse2x4   gen() 19179 MB/s
[    4.324081] raid6: sse2x4   xor() 13851 MB/s
[    4.395818] raid6: avx2x1   gen() 28149 MB/s
[    4.465231] raid6: avx2x2   gen() 31703 MB/s
[    4.535506] raid6: avx2x4   gen() 36364 MB/s
[    4.536863] raid6: using algorithm avx2x4 gen() 36364 MB/s
[    4.538285] raid6: using avx2x2 recovery algorithm
[    4.540669] xor: automatically using best checksumming function:
[    4.590914]    avx       : 40105.000 MB/sec
[    4.593395] async_tx: api initialized (async)
[    4.602915] md: raid6 personality registered for level 6
[    4.605152] md: raid5 personality registered for level 5
[    4.606446] md: raid4 personality registered for level 4
[    4.611683] md: raid10 personality registered for level 10
done.
Begin: Running /scripts/init-premount ... done.
Begin: Mounting root file system ... Begin: Running /scripts/local-top ... done.
Begin: Running /scripts/local-premount ... [    4.638471] Btrfs loaded
Scanning for Btrfs filesystems
done.
Warning: fsck not present, so skipping root file system
[    4.662170] EXT4-fs (sda1): mounted filesystem with ordered data mode. Opts: (null)
done.
Begin: Running /scripts/local-bottom ... done.
Begin: Running /scripts/init-bottom ... done.
[    4.729504] systemd[1]: systemd 229 running in system mode. (+PAM +AUDIT +SELINUX +IMA +APPARMOR +SMACK +SYSVINIT +UTMP +LIBCRYPTSETUP +GCRYPT +GNUTLS +ACL +XZ -LZ4 +SECCOMP +BLKID +ELFUTILS +KMOD -IDN)
[    4.733558] systemd[1]: Detected virtualization oracle.
[    4.734818] systemd[1]: Detected architecture x86-64.

Welcome to [1mUbuntu 16.04.6 LTS[0m!

[    4.738832] systemd[1]: Set hostname to <ubuntu>.
[    4.742886] systemd[1]: Initializing machine ID from random generator.
[    4.744418] systemd[1]: Installed transient /etc/machine-id file.
[    4.832805] systemd[1]: Listening on udev Control Socket.
[[0;32m  OK  [0m] Listening on udev Control Socket.
[    4.835520] systemd[1]: Listening on Journal Audit Socket.
[[0;32m  OK  [0m] Listening on Journal Audit Socket.
[    4.838208] systemd[1]: Listening on Syslog Socket.
[[0;32m  OK  [0m] Listening on Syslog Socket.
[    4.840579] systemd[1]: Listening on LVM2 poll daemon socket.
[[0;32m  OK  [0m] Listening on LVM2 poll daemon socket.
[    4.843303] systemd[1]: Reached target Swap.
[[0;32m  OK  [0m] Reached target Swap.
[    4.845783] systemd[1]: Created slice User and Session Slice.
[[0;32m  OK  [0m] Created slice User and Session Slice.
[    4.848481] systemd[1]: Listening on Journal Socket (/dev/log).
[[0;32m  OK  [0m] Listening on Journal Socket (/dev/log).
[    4.851266] systemd[1]: Listening on LVM2 metadata daemon socket.
[[0;32m  OK  [0m] Listening on LVM2 metadata daemon socket.
[    4.854096] systemd[1]: Reached target Encrypted Volumes.
[[0;32m  OK  [0m] Reached target Encrypted Volumes.
[    4.856718] systemd[1]: Listening on udev Kernel Socket.
[[0;32m  OK  [0m] Listening on udev Kernel Socket.
[    4.859297] systemd[1]: Listening on Device-mapper event daemon FIFOs.
[[0;32m  OK  [0m] Listening on Device-mapper event daemon FIFOs.
[    4.862315] systemd[1]: Started Trigger resolvconf update for networkd DNS.
[[0;32m  OK  [0m] Started Trigger resolvconf update for networkd DNS.
[    4.865523] systemd[1]: Started Forward Password Requests to Wall Directory Watch.
[[0;32m  OK  [0m] Started Forward Password Requests to Wall Directory Watch.
[    4.869058] systemd[1]: Listening on /dev/initctl Compatibility Named Pipe.
[[0;32m  OK  [0m] Listening on /dev/initctl Compatibility Named Pipe.
[    4.872248] systemd[1]: Reached target System Time Synchronized.
[[0;32m  OK  [0m] Reached target System Time Synchronized.
[    4.875082] systemd[1]: Listening on Journal Socket.
[[0;32m  OK  [0m] Listening on Journal Socket.
[    4.877639] systemd[1]: Created slice System Slice.
[[0;32m  OK  [0m] Created slice System Slice.
[    4.880466] systemd[1]: Starting Set console keymap...
         Starting Set console keymap...
[    4.883116] systemd[1]: Starting Monitoring of LVM2 mirrors, snapshots etc. using dmeventd or progress polling...
         Starting Monitoring of LVM2 mirrors... dmeventd or progress polling...
[    4.891851] systemd[1]: Mounting Huge Pages File System...
         Mounting Huge Pages File System...
[    4.900492] systemd[1]: Mounting Debug File System...
         Mounting Debug File System...
[    4.908089] systemd[1]: Starting Load Kernel Modules...
         Starting Load Kernel Modules...
[    4.914693] systemd[1]: Mounting POSIX Message Queue File System...
         Mounting POSIX Message Queue File System...
[    4.920480] systemd[1]: Reached target Slices.
[[0;32m  OK  [0m] Reached target Slices.
[    4.925427] systemd[1]: Created slice system-serial\x2dgetty.slice.
[[0;32m  OK  [0m] Created slice system-serial\x2dgetty.slice.
[    4.930307] Loading iSCSI transport class v2.0-870.
[    4.931897] systemd[1]: Starting Nameserver information manager...
         Starting Nameserver information manager...
[    4.943231] iscsi: registered transport (tcp)
[    4.945701] systemd[1]: Starting Create list of required static device nodes for the current kernel...
         Starting Create list of required st... nodes for the current kernel...
[    4.951340] systemd[1]: Starting Remount Root and Kernel File Systems...
         Starting Remount Root and Kernel File Systems...[    4.958548] EXT4-fs (sda1): re-mounted. Opts: (null)

[    4.960388] systemd[1]: Starting Journal Service...
         Starting Journal Service...
[    4.964880] systemd[1]: Reached target User and Group Name Lookups.
[[0;32m  OK  [0m] Reached target User and Group Name Lookups.
[    4.970881] systemd[1]: Starting Uncomplicated firewall...
         Starting Uncomplicated firewall...
[    4.977939] systemd[1]: Set up automount Arbitrary Executable File Formats File System Automount Point.
[[0;32m  OK  [0m] Set up automount Arbitrary Executab...ats File System Automount Point.
[    4.994735] iscsi: registered transport (iser)
[    4.997112] systemd[1]: Mounted Debug File System.
[[0;32m  OK  [0m] Mounted Debug File System.
[    4.999883] systemd[1]: Mounted POSIX Message Queue File System.
[[0;32m  OK  [0m] Mounted POSIX Message Queue File System.
[    5.003759] systemd[1]: Mounted Huge Pages File System.
[[0;32m  OK  [0m] Mounted Huge Pages File System.
[    5.006400] systemd[1]: Started Journal Service.
[[0;32m  OK  [0m] Started Journal Service.
[[0;32m  OK  [0m] Started Set console keymap.
[[0;32m  OK  [0m] Started Load Kernel Modules.
[[0;32m  OK  [0m] Started Create list of required sta...ce nodes for the current kernel.
[[0;32m  OK  [0m] Started Remount Root and Kernel File Systems.
[[0;32m  OK  [0m] Started Uncomplicated firewall.
[[0;32m  OK  [0m] Started Nameserver information manager.
[[0;32m  OK  [0m] Started LVM2 metadata daemon.
         Starting udev Coldplug all Devices...
         Starting Load/Save Random Seed...
         Starting Create Static Device Nodes in /dev...
         Starting Apply Kernel Variables...
         Mounting FUSE Control File System...
         Starting Flush Journal to Persistent Storage...
[[0;32m  OK  [0m] Started Load/Save Random Seed.
[    5.102867] random: nonblocking pool is initialized
[[0;32m  OK  [0m] Mounted FUSE Control File System.
[[0;32m  OK  [0m] Started Create Static Device Nodes in /dev.
[[0;32m  OK  [0m] Started Apply Kernel Variables.
[[0;32m  OK  [0m] Started udev Coldplug all Devices.
[[0;32m  OK  [0m] Started Flush Journal to Persistent Storage.
         Starting udev Kernel Device Manager...
[[0;32m  OK  [0m] Started udev Kernel Device Manager.
[[0;32m  OK  [0m] Started Dispatch Password Requests to Console Directory Watch.
[[0;32m  OK  [0m] Started Monitoring of LVM2 mirrors,...ng dmeventd or progress polling.
[[0;32m  OK  [0m] Reached target Local File Systems (Pre).
[[0;32m  OK  [0m] Reached target Local File Systems.
         Starting LSB: AppArmor initialization...
         Starting Initial cloud-init job (pre-networking)...
         Starting Create Volatile Files and Directories...
         Starting Tell Plymouth To Write Out Runtime Data...
         Starting Commit a transient machine-id on disk...
         Starting Set console font and keymap...
[[0;32m  OK  [0m] Started Commit a transient machine-id on disk.
[[0;32m  OK  [0m] Started Tell Plymouth To Write Out Runtime Data.
[[0;32m  OK  [0m] Started Create Volatile Files and Directories.
         Starting Update UTMP about System Boot/Shutdown...
[[0;32m  OK  [0m] Started Update UTMP about System Boot/Shutdown.
[[0;32m  OK  [0m] Found device /dev/ttyS0.
[[0;32m  OK  [0m] Listening on Load/Save RF Kill Switch Status /dev/rfkill Watch.
[    6.333500] cloud-init[493]: Cloud-init v. 19.1-1-gbaa47854-0ubuntu1~16.04.1 running 'init-local' at Wed, 26 Jun 2019 13:04:15 +0000. Up 5.92 seconds.
[[0;32m  OK  [0m] Started Initial cloud-init job (pre-networking).
[[0;32m  OK  [0m] Reached target Network (Pre).
[[0;32m  OK  [0m] Started LSB: AppArmor initialization.
         Starting Raise network interfaces...
[[0;32m  OK  [0m] Started Set console font and keymap.
[[0;32m  OK  [0m] Created slice system-getty.slice.
[[0;32m  OK  [0m] Started Raise network interfaces.
[[0;32m  OK  [0m] Reached target Network.
         Starting Initial cloud-init job (metadata service crawler)...
[    7.574279] cloud-init[992]: Cloud-init v. 19.1-1-gbaa47854-0ubuntu1~16.04.1 running 'init' at Wed, 26 Jun 2019 13:04:17 +0000. Up 7.21 seconds.
[    7.580429] cloud-init[992]: ci-info: ++++++++++++++++++++++++++++++++++++++Net device info+++++++++++++++++++++++++++++++++++++++
[    7.581646] cloud-init[992]: ci-info: +--------+-------+----------------------------+---------------+--------+-------------------+
[    7.583900] cloud-init[992]: ci-info: | Device |   Up  |          Address           |      Mask     | Scope  |     Hw-Address    |
[    7.588299] cloud-init[992]: ci-info: +--------+-------+----------------------------+---------------+--------+-------------------+
[    7.592300] cloud-init[992]: ci-info: | enp0s3 |  True |         10.0.2.15          | 255.255.255.0 | global | 02:c2:3e:ea:87:70 |
[    7.594896] cloud-init[992]: ci-info: | enp0s3 |  True | fe80::c2:3eff:feea:8770/64 |       .       |  link  | 02:c2:3e:ea:87:70 |
[    7.600531] cloud-init[992]: ci-info: | enp0s8 | False |             .              |       .       |   .    | 08:00:27:e1:ee:fc |
[    7.608193] cloud-init[992]: ci-info: | enp0s9 | False |             .              |       .       |   .    | 08:00:27:40:89:52 |
[    7.610862] cloud-init[992]: ci-info: |   lo   |  True |         127.0.0.1          |   255.0.0.0   |  host  |         .         |
[    7.629167] cloud-init[992]: ci-info: |   lo   |  True |          ::1/128           |       .       |  host  |         .         |
[[    7.640319] cloud-init[992]: ci-info: +--------+-------+----------------------------+---------------+--------+-------------------+
[    7.640784] cloud-init[992]: ci-info: +++++++++++++++++++++++++++Route IPv4 info++++++++++++++++++++++++++++
[    7.641054] cloud-init[992]: ci-info: +-------+-------------+----------+---------------+-----------+-------+
[0;32m  OK  [0m] Started Initial cloud-init job (metadata service crawler).
[[0;32m  OK  [0m] Reached target Network is Online.
         Starting iSCSI initiator daemon (iscsid)...
[[0;32m  OK  [0m] Reached target System Initialization.
[[0;32m  OK  [0m] Started Daily apt download activities.
[[0;32m  OK  [0m] Started Daily apt upgrade and clean activities.
         Starting Socket activation for snappy daemon.
[    7.644424] cloud-init[992]: ci-info: | Route | Destination | Gateway  |    Genmask    | Interface | Flags |[[0;32m  OK  [0m] Listening on UUID daemon activation socket.
[[0;32m  OK  [0m] Listening on D-Bus System Message Bus Socket.
[[0;32m  OK  [0m] Listening on ACPID Listen Socket.
[    7.681026] cloud-init[992]: ci-info: +-------+-------------+----------+---------------+-----------+-------+
[    7.682889] cloud-init[992]: ci-info: |   0   |   0.0.0.0   | 10.0.2.2 |    0.0.0.0    |   enp0s3  |   UG  |

[    7.685629] cloud-init[992]: ci-info: |   1   |   10.0.2.0  | 0.0.0.0  | 255.255.255.0 |   enp0s3  |   U   |
         Starting LXD - unix socket.
[[0;32m  OK  [0m] Started Daily Cleanup of Temporary Directories.
[[0;32m  OK  [0m] Reached target Timers.
[    7.691262] cloud-init[992]: ci-info: +-------+-------------+----------+---------------+-----------+-------+
[    7.693443] cloud-init[992]: ci-info: +++++++++++++++++++Route IPv6 info+++++++++++++++++++
[[0;32m  OK  [0m] Started ACPI Events Check.
[[0;32m  OK  [0m] Reached target Paths.
[    7.696886] cloud-init[992]: ci-info: +-------+-------------+---------+-----------+-------+[[0;32m  OK  [0m] Reached target Cloud-config availability.

[    7.701270] cloud-init[992]: ci-info: | Route | Destination | Gateway | Interface | Flags |
[[0;32m  OK  [0m] Listening on Socket activation for snappy daemon.[    7.705800] cloud-init[992]: ci-info: +-------+-------------+---------+-----------+-------+
[[0;32m  OK  [0m] Listening on LXD - unix socket.

[    7.710837] cloud-init[992]: ci-info: |   0   |  fe80::/64  |    ::   |   enp0s3  |   U   |
[[0;32m  OK  [0m] Started iSCSI initiator daemon (iscsid).
[    7.718857] cloud-init[992]: ci-info: |   3   |   ff00::/8  |    ::   |   enp0s3  |   U   |         Starting Login to default iSCSI targets...
[[0;32m  OK  [0m] Reached target Sockets.
[[0;32m  OK  [0m
[    7.724411] cloud-init[992]: ci-info: +-------+-------------+---------+-----------+-------+
[    7.726035] cloud-init[992]: Generating public/private rsa key pair.
[    7.727313] cloud-init[992]: Your identification has been saved in /etc/ssh/ssh_host_rsa_key.] Reached target Basic System.
         Starting LXD - container startup/shutdown...
         Starting /etc/rc.local Compatibility...
[    7.733221] cloud-init[992]: Your public key has been saved in /etc/ssh/ssh_host_rsa_key.pub.
[    7.734903] cloud-init[992]: The key fingerprint is:
[    7.735937] 
         Starting Accounts Service...
cloud-init[[0;32m  OK  [0m] Started ACPI event daemon.
[[0;32m  OK  [0m] Started FUSE filesystem for LXC.
[992]: SHA256:4GxbQPRPMDZMwnwmHNsCEeTOkzeQqJPproIO9PFXSqY root@ubuntu-xenial
[    7.746882] cloud-init[992]: The key's randomart image is:[[0;32m  OK  [0m] Started Regular background program processing daemon.
[    7.753015] 
[[0;32m  OK  [0m] Started D-Bus System Message Bus.
cloud-init[992]: +---[RSA 2048]----+
[    7.766864] cloud-init[992]: |   .=B=+*        |
[    7.771161] cloud-init[992]: |   o +=*++       |
[    7.775777] cloud-init[992]: |  . + =+o .      |
[    7.778833] cloud-init[992]: | + o = + o       |
[    7.780513] cloud-init[992]: |=. .= *oS..      |
[    7.782358] cloud-init[992]: |o.. o+++o        |
[    7.783827] cloud-init[992]: |o. . E.o         |         Starting LSB: MD monitoring daemon...
[[0;32m  OK  [0m] Started Deferred execution scheduler.
         Starting Virtualbox guest utils...
         Starting Login Service...
         
[    7.792295] cloud-init[992]: |=     .          |
[    7.794468] cloud-init[992]: |=o               |
[    7.795691] Starting LSB: Record successful boot for GRUB...cloud-init
         Starting Pollinate to seed the pseudo random number generator...
         Starting System Logging Service...
         Starting Snappy daemon...
[[0;32m  OK  [0m] Started /etc/rc.local Compatibility.
[[0;32m  OK  [0m] Started Login to default iSCSI targets.
[992]: [[0;32m  OK  [0m] Started System Logging Service.
+----[SHA256]-----+
[    7.873081] cloud-init[992]: Generating public/private dsa key pair.
[    7.883270] cloud-init[992]: Your identification has been saved in /etc/ssh/ssh_host_dsa_key.
[[0;32m  OK  [0m] Started LXD - container startup/shutdown.
[    7.915013]          Starting Authenticate and Authorize Users to Run Privileged Tasks...
[[0;32m  OK  [0m] Reached target Remote File Systems (Pre).
[[0;32m  OK  [0m] Reached target Remote File Systems.
cloud-init         Starting LSB: Set the CPU Frequency Scaling governor to "ondemand"...
         Starting LSB: automatic crash report generation...
         Starting Permit User Sessions...
         Starting LSB: daemon to balance interrupts for SMP systems...
[[0;32m  OK  [0m] Started LSB: MD monitoring daemon.
[[0;32m  OK  [0m] Started LSB: Record successful boot for GRUB.
[[0;32m  OK  [0m] Started Login Service.
[[0;32m  OK  [0m] Started Permit User Sessions.
[992]: Your public key has been saved in /etc/ssh/ssh_host_dsa_key.pub.
[    7.969572] cloud-init[992]: The key fingerprint is:
[[0;32m  OK  [0m] Started LSB: Set the CPU Frequency Scaling governor to "ondemand".
[[0;32m  OK  [0m] Started Authenticate and Authorize Users to Run Privileged Tasks.
[    7.984401] cloud-init[992]: SHA256:8az9FWm5VbgY9ijvQn4oWswB/eYaDi0ebFSc7IZxE2E root@ubuntu-xenial
[[0;32m  OK  [0m] Started Accounts Service.
         Starting Hold until boot process finishes up...
         Starting Terminate Plymouth Boot Screen...
[[0;32m  OK  [0m] Started Unattended Upgrades Shutdown.
[    8.015551] [[0;32m  OK  [0m] Started Hold until boot process finishes up.
[[0;32m  OK  [0m] Started Terminate Plymouth Boot Screen.
[[0;32m  OK  [0m] Started LSB: automatic crash report generation.
         Starting Set console scheme...cloud-init[992]: The key's randomart image is:

[[0;32m  OK  [0m] Started Serial Getty on ttyS0.
[[0;32m  OK  [0m] Started Getty on tty1.
[[0;32m  OK  [0m] Reached target Login Prompts.
[[0;32m  OK  [0m] Started LSB: daemon to balance interrupts for SMP systems.
[[0;32m  OK  [0m] Started Set console scheme.
[    8.052862] cloud-init[992]: +---[DSA 1024]----+
[    8.072817] cloud-init[992]: |        E.       |
[    8.081037] cloud-init[992]: |       = o     . |
[    8.088352] cloud-init[992]: |      o X   o . .|
[    8.089703] cloud-init[992]: |       B * . = +.|
[    8.091065] cloud-init[992]: |      o S * o B .|
[    8.104644] cloud-init[992]: |     o = *.o . + |
[    8.109275] cloud-init[992]: |      * Boo.. o  |
[    8.113938] cloud-init[992]: |     o *.o+o..   |
[    8.116896] cloud-init[992]: |      o.o. oo    |
[    8.118000] cloud-init[992]: +----[SHA256]-----+
[    8.119761] cloud-init[992]: Generating public/private ecdsa key pair.[[0;32m  OK  [0m] Started Virtualbox guest utils.

[    8.127930] cloud-init[992]: Your identification has been saved in /etc/ssh/ssh_host_ecdsa_key.
[    8.135484] cloud-init[992]: Your public key has been saved in /etc/ssh/ssh_host_ecdsa_key.pub.
[    8.141046] cloud-init[992]: The key fingerprint is:
[    8.149227] cloud-init[992]: SHA256:jq8bUyZ5Cp4D1aMTESXe4c8X3Qy5Xucl6q98kQhNq1Q root@ubuntu-xenial
[    8.157281] cloud-init[992]: The key's randomart image is:
[    8.164129] cloud-init[992]: +---[ECDSA 256]---+
[    8.165578] cloud-init[992]: |    +oo     ..   |
[    8.167283] cloud-init[992]: |   . * .   .E+   |
[    8.173385] cloud-init[992]: |    + =   .+.oo  |
[[0;32m  OK  [0m] Started Snappy daemon.
         Starting Wait until snapd is fully seeded...
[    8.191716] cloud-init[992]: |   . o =  o.+ o o|
[    8.198551] cloud-init[992]: |  . + o S..+ + =.|
[    8.204240] cloud-init[992]: |   o + O .. + o .|
[    8.207647] cloud-init[992]: |    + = .  .   . |
[    8.209046] cloud-init[992]: |     . +   .. .  |
[    8.212957] cloud-init[992]: |      oo.   o+.  |
[    8.215279] cloud-init[992]: +----[SHA256]-----+
[    8.218230] cloud-init[992]: Generating public/private ed25519 key pair.
[    8.220301] cloud-init[992]: Your identification has been saved in /etc/ssh/ssh_host_ed25519_key.
[    8.222964] cloud-init[992]: Your public key has been saved in /etc/ssh/ssh_host_ed25519_key.pub.
[    8.224522] cloud-init[992]: The key fingerprint is:
[    8.229428] cloud-init[992]: SHA256:BSJZB4E46d/vFQHe8O4TJ/ZTQyAOyCchQ+y57jp8WQo root@ubuntu-xenial
[    8.231679] cloud-init[992]: The key's randomart image is:
[    8.233910] cloud-init[992]: +--[ED25519 256]--+
[    8.236297] cloud-init[992]: |   ===*=* . .    |
[    8.239916] cloud-init[992]: |  + ++++.O . .   |
[    8.243496] cloud-init[992]: | . o . o. *   .  |
[    8.248323] cloud-init[992]: |  . o    o . .   |
[    8.249825] cloud-init[992]: |   . o  S * . o  |
[    8.251243] cloud-init[992]: |  E o o  o * . . |
[    8.252779] cloud-init[992]: | . o + .  + o    |
[    8.254226] cloud-init[992]: |  o =   .. . .   |
[    8.255777] cloud-init[992]: |  .=.  ..        |
[    8.259870] cloud-init[992]: +----[SHA256]-----+
[[0;32m  OK  [0m] Started Pollinate to seed the pseudo random number generator.
         Starting OpenBSD Secure Shell server...
[[0;32m  OK  [0m] Started OpenBSD Secure Shell server.
[[0;32m  OK  [0m] Started Wait until snapd is fully seeded.
         Starting Apply the settings specified in cloud-config...
[[0;32m  OK  [0m] Reached target Multi-User System.
[[0;32m  OK  [0m] Reached target Graphical Interface.
         Starting Update UTMP about System Runlevel Changes...
[[0;32m  OK  [0m] Started Update UTMP about System Runlevel Changes.
[    9.481913] cloud-init[1354]: Generating locales (this might take a while)...
[    9.994375] cloud-init[1354]:   en_US.UTF-8... done
[    9.996267] cloud-init[1354]: Generation complete.
[   10.179292] cloud-init[1354]: Cloud-init v. 19.1-1-gbaa47854-0ubuntu1~16.04.1 running 'modules:config' at Wed, 26 Jun 2019 13:04:19 +0000. Up 9.41 seconds.
[[0;32m  OK  [0m] Started Apply the settings specified in cloud-config.
         Starting Execute cloud user/final scripts...
ci-info: no authorized ssh keys fingerprints found for user ubuntu.
<14>Jun 26 13:04:20 ec2: 
<14>Jun 26 13:04:20 ec2: #############################################################
<14>Jun 26 13:04:20 ec2: -----BEGIN SSH HOST KEY FINGERPRINTS-----
<14>Jun 26 13:04:20 ec2: 1024 SHA256:8az9FWm5VbgY9ijvQn4oWswB/eYaDi0ebFSc7IZxE2E root@ubuntu-xenial (DSA)
<14>Jun 26 13:04:20 ec2: 256 SHA256:jq8bUyZ5Cp4D1aMTESXe4c8X3Qy5Xucl6q98kQhNq1Q root@ubuntu-xenial (ECDSA)
<14>Jun 26 13:04:20 ec2: 256 SHA256:BSJZB4E46d/vFQHe8O4TJ/ZTQyAOyCchQ+y57jp8WQo root@ubuntu-xenial (ED25519)
<14>Jun 26 13:04:20 ec2: 2048 SHA256:4GxbQPRPMDZMwnwmHNsCEeTOkzeQqJPproIO9PFXSqY root@ubuntu-xenial (RSA)
<14>Jun 26 13:04:20 ec2: -----END SSH HOST KEY FINGERPRINTS-----
<14>Jun 26 13:04:20 ec2: #############################################################
-----BEGIN SSH HOST KEY KEYS-----
ecdsa-sha2-nistp256 AAAAE2VjZHNhLXNoYTItbmlzdHAyNTYAAAAIbmlzdHAyNTYAAABBBCrFoSZf3bTaM73J9BySgApokFwdwH/0KiQi0g4+9GDGaja8G9pEp6Lcp0XE0f7Z8CRq6drkdm4cIac3Jp0VWsU= root@ubuntu-xenial
ssh-ed25519 AAAAC3NzaC1lZDI1NTE5AAAAICsu6j/0no3SvGbBnRtGhvPKXxM/2X2wLr070c3vjD1B root@ubuntu-xenial
ssh-rsa AAAAB3NzaC1yc2EAAAADAQABAAABAQCp7XgWJz7dnmeEkP+Zr6My/4cqZRmoAqA0UNM/BO0gc8A8EWfoAl+QgfZ7lfrQux99ERgVdEiKAJbHSNRVatx6CM/3HzkCjJpZEVE1EvumnIeupqnbnCr5BF5J4QS8WbbYSsrBIILvh5StVfoN62Gxrprrtp7OrFOI2dlt6aNgd29HjlSo5XmxonD/3oBqlI68pWCYvxpb6GrBlR5YqtEeOQXE3MX4XDDEQKXAgoeVVOCr8yFvYe64/A7CWiNSiQSO2cgT2vMTAyDBq6YVm5opWKTl8SkN67Io6ap4uvdWcAhmcOKEB8stjm8pgQCix/d7el1jUuJxVVnu7lcxUotv root@ubuntu-xenial
-----END SSH HOST KEY KEYS-----
[   10.502640] cloud-init[1398]: Cloud-init v. 19.1-1-gbaa47854-0ubuntu1~16.04.1 running 'modules:final' at Wed, 26 Jun 2019 13:04:20 +0000. Up 10.38 seconds.
[   10.505341] cloud-init[1398]: ci-info: no authorized ssh keys fingerprints found for user ubuntu.
[   10.507462] cloud-init[1398]: Cloud-init v. 19.1-1-gbaa47854-0ubuntu1~16.04.1 finished at Wed, 26 Jun 2019 13:04:20 +0000. Datasource DataSourceNoCloud [seed=/dev/sdb][dsmode=net].  Up 10.49 seconds
[[0;32m  OK  [0m] Started Execute cloud user/final scripts.
[[0;32m  OK  [0m] Reached target Cloud-init target.

Ubuntu 16.04.6 LTS ubuntu-xenial ttyS0

ubuntu-xenial login: 